<?xml version="1.0" encoding="UTF-8"?>
<!-- Generated by org.testng.reporters.JUnitReportReporter -->
<testsuite skipped="0" hostname="HP" name="com.automation.UserTest" tests="2" failures="0" timestamp="12 дек 2019 17:04:15 GMT" time="0.006" errors="0">
  <testcase name="userAgeTest" time="0.005" classname="com.automation.UserTest"/>
  <testcase name="userNameTest" time="0.001" classname="com.automation.UserTest"/>
</testsuite> <!-- com.automation.UserTest -->
